Update Session Log
Timestamp: 2026-02-14 22:06:01
Packages Updated: 2
Size required on disk:         193MB
Size to download:              168MB

Packages:
----------------------------------------
libz3-4.15.8_1 update x86_64 https://voidlinux.mirror.garr.it/current 31438248 11960534
linux6.12-6.12.71_1 update x86_64 https://voidlinux.mirror.garr.it/current 170461503 164595774

Full Update Output:
========================================
[*] Updating repository `https://voidlinux.mirror.garr.it/current/x86_64-repodata' ...
2 packages will be downloaded:

  libz3-4.15.8_1 
  linux6.12-6.12.71_1 
2 packages will be updated:

  libz3 (4.15.7_1 -> 4.15.8_1) 
  linux6.12 (6.12.70_1 -> 6.12.71_1) 

Size to download:              168MB
Size required on disk:         193MB
Space available on disk:       255GB

Do you want to continue? [Y/n] 
[*] Downloading packages
libz3-4.15.8_1.x86_64.xbps.sig2: [512B 100%] 10MB/s ETA: 00m00s
libz3-4.15.8_1.x86_64.xbps.sig2: 512B [avg rate: 10MB/s]
libz3-4.15.8_1.x86_64.xbps: [11MB 0%] 103MB/s ETA: 00m00s
libz3-4.15.8_1.x86_64.xbps: [11MB 10%] 867KB/s ETA: 00m08s
libz3-4.15.8_1.x86_64.xbps: [11MB 77%] 4568KB/s ETA: 00m00s
libz3-4.15.8_1.x86_64.xbps: 11MB [avg rate: 5871KB/s]
libz3-4.15.8_1: verifying RSA signature...
linux6.12-6.12.71_1.x86_64.xbps.sig2: [512B 100%] 13MB/s ETA: 00m00s
linux6.12-6.12.71_1.x86_64.xbps.sig2: 512B [avg rate: 13MB/s]
linux6.12-6.12.71_1.x86_64.xbps: [157MB 0%] 95MB/s ETA: 00m00s
linux6.12-6.12.71_1.x86_64.xbps: [157MB 0%] 2654KB/s ETA: 02m26s
linux6.12-6.12.71_1.x86_64.xbps: [157MB 6%] 7134KB/s ETA: 00m31s
linux6.12-6.12.71_1.x86_64.xbps: [157MB 11%] 8174KB/s ETA: 00m22s
linux6.12-6.12.71_1.x86_64.xbps: [157MB 19%] 9241KB/s ETA: 00m16s
linux6.12-6.12.71_1.x86_64.xbps: [157MB 24%] 9170KB/s ETA: 00m15s
linux6.12-6.12.71_1.x86_64.xbps: [157MB 33%] 9.8MB/s ETA: 00m11s
linux6.12-6.12.71_1.x86_64.xbps: [157MB 37%] 9518KB/s ETA: 00m11s
linux6.12-6.12.71_1.x86_64.xbps: [157MB 41%] 9008KB/s ETA: 00m11s
linux6.12-6.12.71_1.x86_64.xbps: [157MB 45%] 8568KB/s ETA: 00m10s
linux6.12-6.12.71_1.x86_64.xbps: [157MB 48%] 8295KB/s ETA: 00m10s
linux6.12-6.12.71_1.x86_64.xbps: [157MB 52%] 7996KB/s ETA: 00m10s
linux6.12-6.12.71_1.x86_64.xbps: [157MB 54%] 7605KB/s ETA: 00m10s
linux6.12-6.12.71_1.x86_64.xbps: [157MB 57%] 7403KB/s ETA: 00m09s
linux6.12-6.12.71_1.x86_64.xbps: [157MB 60%] 7264KB/s ETA: 00m09s
linux6.12-6.12.71_1.x86_64.xbps: [157MB 63%] 7105KB/s ETA: 00m08s
linux6.12-6.12.71_1.x86_64.xbps: [157MB 68%] 7175KB/s ETA: 00m07s
linux6.12-6.12.71_1.x86_64.xbps: [157MB 73%] 7227KB/s ETA: 00m06s
linux6.12-6.12.71_1.x86_64.xbps: [157MB 77%] 7216KB/s ETA: 00m05s
linux6.12-6.12.71_1.x86_64.xbps: [157MB 83%] 7331KB/s ETA: 00m03s
linux6.12-6.12.71_1.x86_64.xbps: [157MB 91%] 7624KB/s ETA: 00m01s
linux6.12-6.12.71_1.x86_64.xbps: [157MB 96%] 7659KB/s ETA: 00m00s
linux6.12-6.12.71_1.x86_64.xbps: 157MB [avg rate: 7896KB/s]
Executing post-install kernel hook: 20-initramfs ...
dracut[I]: Executing: /usr/bin/dracut --force boot/initramfs-6.12.71_1.img 6.12.71_1
dracut[I]: 90crypt: Could not find any command of '/systemd-cryptsetup cryptsetup'!
dracut[I]: *** Including module: dash ***
dracut[I]: *** Including module: i18n ***
dracut[I]: *** Including module: drm ***
dracut[I]: *** Including module: btrfs ***
dracut[I]: *** Including module: kernel-modules ***
dracut[I]: *** Including module: kernel-modules-extra ***
dracut[I]: *** Including module: nvdimm ***
dracut[I]: *** Including module: qemu ***
dracut[I]: *** Including module: hwdb ***
dracut[I]: *** Including module: lunmask ***
dracut[I]: *** Including module: resume ***
dracut[I]: *** Including module: rootfs-block ***
dracut[I]: *** Including module: terminfo ***
dracut[I]: *** Including module: udev-rules ***
dracut[I]: *** Including module: virtiofs ***
dracut[I]: *** Including module: usrmount ***
dracut[I]: *** Including module: base ***
dracut[I]: *** Including module: fs-lib ***
dracut[I]: *** Including module: shell-interpreter ***
dracut[I]: *** Including module: shutdown ***
dracut[I]: *** Including modules done ***
dracut[I]: *** Installing kernel module dependencies ***
dracut[I]: *** Installing kernel module dependencies done ***
dracut[I]: *** Resolving executable dependencies ***
dracut[I]: *** Resolving executable dependencies done ***
dracut[I]: *** Hardlinking files ***
dracut[I]: *** Hardlinking files done ***
dracut[I]: *** Generating early-microcode cpio image ***
dracut[I]: *** Constructing AuthenticAMD.bin ***
dracut[I]: *** Store current command line parameters ***
dracut[I]: *** Stripping files ***
dracut[I]: *** Stripping files done ***
dracut[I]: *** Creating image file '/boot/initramfs-6.12.71_1.img' ***
dracut[I]: Using auto-determined compression method 'gzip'
dracut[I]: *** Creating initramfs image file '/boot/initramfs-6.12.71_1.img' done ***
Executing post-install kernel hook: 50-bootsize ...
Executing post-install kernel hook: 50-efibootmgr ...
Executing post-install kernel hook: 50-grub ...
Generating grub configuration file ...
Found linux image: /boot/vmlinuz-6.12.71_1
Found initrd image: /boot/initramfs-6.12.71_1.img
Found linux image: /boot/vmlinuz-6.12.70_1
Found initrd image: /boot/initramfs-6.12.70_1.img
Found linux image: /boot/vmlinuz-6.12.69_1
Found initrd image: /boot/initramfs-6.12.69_1.img
Found linux image: /boot/vmlinuz-6.12.68_1
Found initrd image: /boot/initramfs-6.12.68_1.img
Found linux image: /boot/vmlinuz-6.12.67_1
Found initrd image: /boot/initramfs-6.12.67_1.img
Warning: os-prober will not be executed to detect other bootable partitions.
Systems on them will not be added to the GRUB boot configuration.
Check GRUB_DISABLE_OS_PROBER documentation entry.
Adding boot menu entry for UEFI Firmware Settings ...
done
linux6.12-6.12.71_1: verifying RSA signature...

[*] Collecting package files
libz3-4.15.8_1: collecting files...
libz3-4.15.7_1: collecting files...
linux6.12-6.12.71_1: collecting files...
linux6.12-6.12.70_1: collecting files...

[*] Unpacking packages
libz3-4.15.7_1: updating to 4.15.8_1 ...
libz3-4.15.8_1: unpacking ...
linux6.12-6.12.70_1: updating to 6.12.71_1 ...
linux6.12-6.12.71_1: unpacking ...

[*] Configuring unpacked packages
libz3-4.15.8_1: configuring ...
libz3-4.15.8_1: updated successfully.
linux6.12-6.12.71_1: configuring ...
linux6.12-6.12.71_1: updated successfully.

2 downloaded, 0 installed, 2 updated, 2 configured, 0 removed, 0 on hold.
