Update Session Log
Timestamp: 2026-02-13 14:51:37
Packages Updated: 1
Size required on disk:         163MB
Size to download:              157MB

Packages:
----------------------------------------
linux6.12-6.12.70_1 update x86_64 https://voidlinux.mirror.garr.it/current 170467402 164597325

Full Update Output:
========================================
[*] Updating repository `https://voidlinux.mirror.garr.it/current/x86_64-repodata' ...
x86_64-repodata: [2089KB 0%] 244MB/s ETA: 00m00s
x86_64-repodata: [2089KB 44%] 2317KB/s ETA: 00m01s
x86_64-repodata: 2089KB [avg rate: 5214KB/s]
1 package will be downloaded:

  linux6.12-6.12.70_1 
1 package will be updated:

  linux6.12 (6.12.69_1 -> 6.12.70_1) 

Size to download:              157MB
Size required on disk:         163MB
Space available on disk:       255GB

Do you want to continue? [Y/n] 
[*] Downloading packages
linux6.12-6.12.70_1.x86_64.xbps.sig2: [512B 100%] 29MB/s ETA: 00m00s
linux6.12-6.12.70_1.x86_64.xbps.sig2: 512B [avg rate: 29MB/s]
linux6.12-6.12.70_1.x86_64.xbps: [157MB 0%] 217MB/s ETA: 00m00s
linux6.12-6.12.70_1.x86_64.xbps: [157MB 0%] 6261KB/s ETA: 10m47s
linux6.12-6.12.70_1.x86_64.xbps: [157MB 2%] 4136KB/s ETA: 01m12s
linux6.12-6.12.70_1.x86_64.xbps: [157MB 5%] 4116KB/s ETA: 00m54s
linux6.12-6.12.70_1.x86_64.xbps: [157MB 7%] 3734KB/s ETA: 00m52s
linux6.12-6.12.70_1.x86_64.xbps: [157MB 9%] 3950KB/s ETA: 00m45s
linux6.12-6.12.70_1.x86_64.xbps: [157MB 12%] 3882KB/s ETA: 00m43s
linux6.12-6.12.70_1.x86_64.xbps: [157MB 15%] 4055KB/s ETA: 00m38s
linux6.12-6.12.70_1.x86_64.xbps: [157MB 18%] 4152KB/s ETA: 00m35s
linux6.12-6.12.70_1.x86_64.xbps: [157MB 21%] 4212KB/s ETA: 00m33s
linux6.12-6.12.70_1.x86_64.xbps: [157MB 23%] 4250KB/s ETA: 00m31s
linux6.12-6.12.70_1.x86_64.xbps: [157MB 26%] 4246KB/s ETA: 00m30s
linux6.12-6.12.70_1.x86_64.xbps: [157MB 29%] 4284KB/s ETA: 00m28s
linux6.12-6.12.70_1.x86_64.xbps: [157MB 31%] 4171KB/s ETA: 00m28s
linux6.12-6.12.70_1.x86_64.xbps: [157MB 33%] 4188KB/s ETA: 00m27s
linux6.12-6.12.70_1.x86_64.xbps: [157MB 36%] 4206KB/s ETA: 00m25s
linux6.12-6.12.70_1.x86_64.xbps: [157MB 39%] 4207KB/s ETA: 00m24s
linux6.12-6.12.70_1.x86_64.xbps: [157MB 42%] 4221KB/s ETA: 00m23s
linux6.12-6.12.70_1.x86_64.xbps: [157MB 44%] 4241KB/s ETA: 00m22s
linux6.12-6.12.70_1.x86_64.xbps: [157MB 47%] 4260KB/s ETA: 00m20s
linux6.12-6.12.70_1.x86_64.xbps: [157MB 50%] 4264KB/s ETA: 00m19s
linux6.12-6.12.70_1.x86_64.xbps: [157MB 53%] 4281KB/s ETA: 00m18s
linux6.12-6.12.70_1.x86_64.xbps: [157MB 56%] 4286KB/s ETA: 00m17s
linux6.12-6.12.70_1.x86_64.xbps: [157MB 58%] 4278KB/s ETA: 00m16s
linux6.12-6.12.70_1.x86_64.xbps: [157MB 60%] 4219KB/s ETA: 00m15s
linux6.12-6.12.70_1.x86_64.xbps: [157MB 62%] 4209KB/s ETA: 00m14s
linux6.12-6.12.70_1.x86_64.xbps: [157MB 65%] 4204KB/s ETA: 00m13s
linux6.12-6.12.70_1.x86_64.xbps: [157MB 68%] 4213KB/s ETA: 00m12s
linux6.12-6.12.70_1.x86_64.xbps: [157MB 70%] 4185KB/s ETA: 00m11s
linux6.12-6.12.70_1.x86_64.xbps: [157MB 73%] 4186KB/s ETA: 00m10s
linux6.12-6.12.70_1.x86_64.xbps: [157MB 76%] 4215KB/s ETA: 00m09s
linux6.12-6.12.70_1.x86_64.xbps: [157MB 78%] 4226KB/s ETA: 00m08s
linux6.12-6.12.70_1.x86_64.xbps: [157MB 82%] 4247KB/s ETA: 00m07s
linux6.12-6.12.70_1.x86_64.xbps: [157MB 84%] 4236KB/s ETA: 00m06s
linux6.12-6.12.70_1.x86_64.xbps: [157MB 87%] 4257KB/s ETA: 00m04s
linux6.12-6.12.70_1.x86_64.xbps: [157MB 90%] 4280KB/s ETA: 00m03s
linux6.12-6.12.70_1.x86_64.xbps: [157MB 93%] 4289KB/s ETA: 00m02s
linux6.12-6.12.70_1.x86_64.xbps: [157MB 96%] 4299KB/s ETA: 00m01s
linux6.12-6.12.70_1.x86_64.xbps: [157MB 99%] 4310KB/s ETA: 00m00s
linux6.12-6.12.70_1.x86_64.xbps: 157MB [avg rate: 4338KB/s]
Executing post-install kernel hook: 20-initramfs ...
dracut[I]: Executing: /usr/bin/dracut --force boot/initramfs-6.12.70_1.img 6.12.70_1
dracut[I]: 90crypt: Could not find any command of '/systemd-cryptsetup cryptsetup'!
dracut[I]: *** Including module: dash ***
dracut[I]: *** Including module: i18n ***
dracut[I]: *** Including module: drm ***
dracut[I]: *** Including module: btrfs ***
dracut[I]: *** Including module: kernel-modules ***
dracut[I]: *** Including module: kernel-modules-extra ***
dracut[I]: *** Including module: nvdimm ***
dracut[I]: *** Including module: qemu ***
dracut[I]: *** Including module: hwdb ***
dracut[I]: *** Including module: lunmask ***
dracut[I]: *** Including module: resume ***
dracut[I]: *** Including module: rootfs-block ***
dracut[I]: *** Including module: terminfo ***
dracut[I]: *** Including module: udev-rules ***
dracut[I]: *** Including module: virtiofs ***
dracut[I]: *** Including module: usrmount ***
dracut[I]: *** Including module: base ***
dracut[I]: *** Including module: fs-lib ***
dracut[I]: *** Including module: shell-interpreter ***
dracut[I]: *** Including module: shutdown ***
dracut[I]: *** Including modules done ***
dracut[I]: *** Installing kernel module dependencies ***
dracut[I]: *** Installing kernel module dependencies done ***
dracut[I]: *** Resolving executable dependencies ***
dracut[I]: *** Resolving executable dependencies done ***
dracut[I]: *** Hardlinking files ***
dracut[I]: *** Hardlinking files done ***
dracut[I]: *** Generating early-microcode cpio image ***
dracut[I]: *** Constructing AuthenticAMD.bin ***
dracut[I]: *** Store current command line parameters ***
dracut[I]: *** Stripping files ***
dracut[I]: *** Stripping files done ***
dracut[I]: *** Creating image file '/boot/initramfs-6.12.70_1.img' ***
dracut[I]: Using auto-determined compression method 'gzip'
dracut[I]: *** Creating initramfs image file '/boot/initramfs-6.12.70_1.img' done ***
Executing post-install kernel hook: 50-bootsize ...
Executing post-install kernel hook: 50-efibootmgr ...
Executing post-install kernel hook: 50-grub ...
Generating grub configuration file ...
Found linux image: /boot/vmlinuz-6.12.70_1
Found initrd image: /boot/initramfs-6.12.70_1.img
Found linux image: /boot/vmlinuz-6.12.69_1
Found initrd image: /boot/initramfs-6.12.69_1.img
Found linux image: /boot/vmlinuz-6.12.68_1
Found initrd image: /boot/initramfs-6.12.68_1.img
Found linux image: /boot/vmlinuz-6.12.67_1
Found initrd image: /boot/initramfs-6.12.67_1.img
Warning: os-prober will not be executed to detect other bootable partitions.
Systems on them will not be added to the GRUB boot configuration.
Check GRUB_DISABLE_OS_PROBER documentation entry.
Adding boot menu entry for UEFI Firmware Settings ...
done
linux6.12-6.12.70_1: verifying RSA signature...

[*] Collecting package files
linux6.12-6.12.70_1: collecting files...
linux6.12-6.12.69_1: collecting files...

[*] Unpacking packages
linux6.12-6.12.69_1: updating to 6.12.70_1 ...
linux6.12-6.12.70_1: unpacking ...

[*] Configuring unpacked packages
linux6.12-6.12.70_1: configuring ...
linux6.12-6.12.70_1: updated successfully.

1 downloaded, 0 installed, 1 updated, 1 configured, 0 removed, 0 on hold.
