========================================
Update Session: 2026-02-11 18:45:19
Packages Updated: 0
0
Size required on disk:          31MB
Size to download:               12MB
----------------------------------------
No packages updated
========================================

========================================
Update Session: 2026-02-12 10:12:12
Packages Updated: 0
0
Size required on disk:        1682KB
Size to download:              558KB
----------------------------------------
No packages updated
========================================

========================================
Update Session: 2026-02-12 15:28:57
Packages Updated: 0
0
Size required on disk:          22MB
Size to download:             4920KB
----------------------------------------
No packages updated
========================================

========================================
Update Session: 2026-02-13 10:44:37
Packages Updated: 4
Size required on disk:          24MB
Size to download:             9937KB
----------------------------------------
libgcrypt-1.12.0_1 update x86_64 https://voidlinux.mirror.garr.it/current 1832368 691994
libgpg-error-1.58_1 update x86_64 https://voidlinux.mirror.garr.it/current 967874 270539
libmagick-7.1.2.13_1 update x86_64 https://voidlinux.mirror.garr.it/current 9646493 2838982
libmagick-devel-7.1.2.13_1 update x86_64 https://voidlinux.mirror.garr.it/current 13214962 6371633
========================================

========================================
Update Session: 2026-02-13 14:51:37
Packages Updated: 1
Size required on disk:         163MB
Size to download:              157MB
----------------------------------------
linux6.12-6.12.70_1 update x86_64 https://voidlinux.mirror.garr.it/current 170467402 164597325
========================================

========================================
Update Session: 2026-02-14 22:06:01
Packages Updated: 2
Size required on disk:         193MB
Size to download:              168MB
----------------------------------------
libz3-4.15.8_1 update x86_64 https://voidlinux.mirror.garr.it/current 31438248 11960534
linux6.12-6.12.71_1 update x86_64 https://voidlinux.mirror.garr.it/current 170461503 164595774
========================================

========================================
Update Session: 2026-02-15 13:05:34
Packages Updated: 2
----------------------------------------
llhttp-9.3.1_1 update x86_64 https://voidlinux.mirror.garr.it/current 68681 24800
signon-kwallet-extension-25.12.2_1 update x86_64 https://voidlinux.mirror.garr.it/current 39520 14716
========================================

========================================
Update Session: 2026-02-15 13:05:34
Packages Updated: 2
----------------------------------------
llhttp-9.3.1_1 update x86_64 https://voidlinux.mirror.garr.it/current 68681 24800
signon-kwallet-extension-25.12.2_1 update x86_64 https://voidlinux.mirror.garr.it/current 39520 14716
========================================

========================================
Update Session: 2026-02-15 13:05:35
Packages Updated: 2
----------------------------------------
llhttp-9.3.1_1 update x86_64 https://voidlinux.mirror.garr.it/current 68681 24800
signon-kwallet-extension-25.12.2_1 update x86_64 https://voidlinux.mirror.garr.it/current 39520 14716
========================================

========================================
Update Session: 2026-02-15 13:34:32
Packages Updated: 2
Size required on disk:         106KB
Size to download:               40KB
----------------------------------------
llhttp-9.3.1_1 update x86_64 https://voidlinux.mirror.garr.it/current 68681 24800
signon-kwallet-extension-25.12.2_1 update x86_64 https://voidlinux.mirror.garr.it/current 39520 14716
========================================

========================================
Update Session: 2026-02-15 15:16:46
Packages Updated: 0
0
----------------------------------------
No packages updated
========================================

========================================
Update Session: 2026-02-15 15:16:53
Packages Updated: 0
0
----------------------------------------
No packages updated
========================================

========================================
Update Session: 2026-02-15 18:06:27
Packages Updated: 2
Size required on disk:        6075KB
Size to download:             2298KB
----------------------------------------
lf-r41_1 update x86_64 https://voidlinux.mirror.garr.it/current 6063027 2278445
nghttp3-1.15.0_1 update x86_64 https://voidlinux.mirror.garr.it/current 157817 74170
========================================

========================================
Update Session: 2026-02-16 14:43:39
Packages Updated: 3
Size required on disk:          55MB
Size to download:               16MB
----------------------------------------
icu-devel-78.2_1 remove x86_64 https://voidlinux.mirror.garr.it/current 0 565
libicu78-78.2_1 update x86_64 https://voidlinux.mirror.garr.it/current 39576092 13259108
libicu78-devel-78.2_1 update x86_64 https://voidlinux.mirror.garr.it/current 17946952 3683842
========================================

========================================
Update Session: 2026-02-17 10:20:04
Packages Updated: 1
Size required on disk:         264MB
Size to download:               83MB
----------------------------------------
firefox-147.0.4_1 update x86_64 https://voidlinux.mirror.garr.it/current 277135205 86913250
========================================

========================================
Update Session: 2026-02-17 10:20:10
Packages Updated: 1
----------------------------------------
firefox-147.0.4_1 update x86_64 https://voidlinux.mirror.garr.it/current 277135205 86913250
========================================

========================================
Update Session: 2026-02-17 15:05:36
Packages Updated: 1
Size required on disk:         163MB
Size to download:              157MB
----------------------------------------
linux6.12-6.12.73_1 update x86_64 https://voidlinux.mirror.garr.it/current 170463594 164592850
========================================

========================================
Update Session: 2026-02-17 19:00:48
Packages Updated: 1
Size required on disk:         351KB
Size to download:               86KB
----------------------------------------
libutf8proc-2.11.3_1 update x86_64 https://voidlinux.mirror.garr.it/current 359429 87108
========================================

========================================
Update Session: 2026-02-18 11:55:08
Packages Updated: 1
Size required on disk:         181MB
Size to download:               46MB
----------------------------------------
go-1.25.7_1 update x86_64 https://voidlinux.mirror.garr.it/current 189485282 48686556
========================================

========================================
Update Session: 2026-02-19 16:39:49
Packages Updated: 5
----------------------------------------
impala-0.7.4_1 update x86_64 https://voidlinux.mirror.garr.it/current 4833381 1905585
p11-kit-0.26.2_1 update x86_64 https://voidlinux.mirror.garr.it/current 4904551 960208
xterm-407_1 update x86_64 https://voidlinux.mirror.garr.it/current 1389353 479477
zlib-1.3.2_1 update x86_64 https://voidlinux.mirror.garr.it/current 104592 56395
zlib-devel-1.3.2_1 update x86_64 https://voidlinux.mirror.garr.it/current 258251 91420
========================================

========================================
Update Session: 2026-02-19 17:36:25
Packages Updated: 5
----------------------------------------
impala-0.7.4_1 update x86_64 https://voidlinux.mirror.garr.it/current 4833381 1905585
p11-kit-0.26.2_1 update x86_64 https://voidlinux.mirror.garr.it/current 4904551 960208
xterm-407_1 update x86_64 https://voidlinux.mirror.garr.it/current 1389353 479477
zlib-1.3.2_1 update x86_64 https://voidlinux.mirror.garr.it/current 104592 56395
zlib-devel-1.3.2_1 update x86_64 https://voidlinux.mirror.garr.it/current 258251 91420
========================================

========================================
Update Session: 2026-02-19 20:32:50
Packages Updated: 5
----------------------------------------
impala-0.7.4_1 update x86_64 https://voidlinux.mirror.garr.it/current 4833381 1905585
p11-kit-0.26.2_1 update x86_64 https://voidlinux.mirror.garr.it/current 4904551 960208
xterm-407_1 update x86_64 https://voidlinux.mirror.garr.it/current 1389353 479477
zlib-1.3.2_1 update x86_64 https://voidlinux.mirror.garr.it/current 104592 56395
zlib-devel-1.3.2_1 update x86_64 https://voidlinux.mirror.garr.it/current 258251 91420
========================================

========================================
Update Session: 2026-02-20 15:07:31
Packages Updated: 0
0
----------------------------------------
No packages updated
========================================

========================================
Update Session: 2026-02-21 17:03:40
Packages Updated: 2
----------------------------------------
fzf-0.68.0_2 update x86_64 https://voidlinux.mirror.garr.it/current 4910694 1819945
libz3-4.16.0_1 update x86_64 https://voidlinux.mirror.garr.it/current 31438248 11959457
========================================

========================================
Update Session: 2026-02-21 17:03:57
Packages Updated: 2
----------------------------------------
fzf-0.68.0_2 update x86_64 https://voidlinux.mirror.garr.it/current 4910694 1819945
libz3-4.16.0_1 update x86_64 https://voidlinux.mirror.garr.it/current 31438248 11959457
========================================

========================================
Update Session: 2026-02-21 18:06:04
Packages Updated: 0
0
----------------------------------------
No packages updated
========================================

========================================
Update Session: 2026-02-23 14:14:28
Packages Updated: 10
----------------------------------------
double-conversion-3.4.0_1 update x86_64 https://voidlinux.mirror.garr.it/current 69287 33318
inih-62_1 update x86_64 https://voidlinux.mirror.garr.it/current 50742 17422
ncurses-6.6_1 update x86_64 https://voidlinux.mirror.garr.it/current 580127 166419
ncurses-base-6.6_1 update x86_64 https://voidlinux.mirror.garr.it/current 206669 30849
ncurses-devel-6.6_1 update x86_64 https://voidlinux.mirror.garr.it/current 2586298 539892
ncurses-libs-6.6_1 update x86_64 https://voidlinux.mirror.garr.it/current 1042424 336641
ncurses-libtinfo-devel-6.6_1 update x86_64 https://voidlinux.mirror.garr.it/current 0 782
ncurses-libtinfo-libs-6.6_1 update x86_64 https://voidlinux.mirror.garr.it/current 0 752
python3-yt-dlp-ejs-0.5.0_1 update x86_64 https://voidlinux.mirror.garr.it/current 170994 54945
yt-dlp-2026.02.21_1 update x86_64 https://voidlinux.mirror.garr.it/current 11049282 2309440
========================================

========================================
Update Session: 2026-02-25 09:57:52
Packages Updated: 28
----------------------------------------
kf6-karchive-6.23.0_1 update x86_64 https://voidlinux.mirror.garr.it/current 791228 199028
kf6-kbookmarks-6.23.0_1 update x86_64 https://voidlinux.mirror.garr.it/current 502493 126738
kf6-kcmutils-6.23.0_1 update x86_64 https://voidlinux.mirror.garr.it/current 1178907 315666
kf6-kcodecs-6.23.0_1 update x86_64 https://voidlinux.mirror.garr.it/current 644459 157079
kf6-kcolorscheme-6.23.0_1 update x86_64 https://voidlinux.mirror.garr.it/current 123511 46737
kf6-kcompletion-6.23.0_1 update x86_64 https://voidlinux.mirror.garr.it/current 342845 119925
kf6-kconfig-6.23.0_1 update x86_64 https://voidlinux.mirror.garr.it/current 2188978 544060
kf6-kconfigwidgets-6.23.0_1 update x86_64 https://voidlinux.mirror.garr.it/current 1346024 377655
kf6-kcoreaddons-6.23.0_1 update x86_64 https://voidlinux.mirror.garr.it/current 2866473 769311
kf6-kcrash-6.23.0_1 update x86_64 https://voidlinux.mirror.garr.it/current 55862 24135
kf6-kdbusaddons-6.23.0_1 update x86_64 https://voidlinux.mirror.garr.it/current 226766 72389
kf6-kdoctools-6.23.0_1 update x86_64 https://voidlinux.mirror.garr.it/current 2564669 472731
kf6-kglobalaccel-6.23.0_1 update x86_64 https://voidlinux.mirror.garr.it/current 291210 97987
kf6-kguiaddons-6.23.0_1 update x86_64 https://voidlinux.mirror.garr.it/current 758387 231860
kf6-kguiaddons-geo-uri-handler-6.23.0_1 update x86_64 https://voidlinux.mirror.garr.it/current 26974 8588
kf6-ki18n-6.23.0_1 update x86_64 https://voidlinux.mirror.garr.it/current 18486604 3275537
kf6-kiconthemes-6.23.0_1 update x86_64 https://voidlinux.mirror.garr.it/current 558092 175758
kf6-kio-6.23.0_1 update x86_64 https://voidlinux.mirror.garr.it/current 19055164 4012145
kf6-kitemviews-6.23.0_1 update x86_64 https://voidlinux.mirror.garr.it/current 336757 121595
kf6-kjobwidgets-6.23.0_1 update x86_64 https://voidlinux.mirror.garr.it/current 769723 203405
kf6-knotifications-6.23.0_1 update x86_64 https://voidlinux.mirror.garr.it/current 526199 172661
kf6-kservice-6.23.0_1 update x86_64 https://voidlinux.mirror.garr.it/current 723425 245906
kf6-kwallet-6.23.0_1 update x86_64 https://voidlinux.mirror.garr.it/current 2643551 648095
kf6-kwidgetsaddons-6.23.0_1 update x86_64 https://voidlinux.mirror.garr.it/current 7416369 2329091
kf6-kwindowsystem-6.23.0_1 update x86_64 https://voidlinux.mirror.garr.it/current 779105 251011
kf6-kxmlgui-6.23.0_1 update x86_64 https://voidlinux.mirror.garr.it/current 3798052 913635
kf6-solid-6.23.0_1 update x86_64 https://voidlinux.mirror.garr.it/current 2176933 496351
libbreeze-icons-6.23.0_1 update x86_64 https://voidlinux.mirror.garr.it/current 26126440 3213492
========================================

========================================
Update Session: 2026-02-25 11:03:58
Packages Updated: 0
0
----------------------------------------
No packages updated
========================================

========================================
Update Session: 2026-03-02 10:35:51
Packages Updated: 21
----------------------------------------
ca-certificates-20250419+3.121_1 update x86_64 https://voidlinux.mirror.garr.it/current 285367 171472
docker-29.2.1_1 update x86_64 https://voidlinux.mirror.garr.it/current 0 554
docker-cli-29.2.1_1 update x86_64 https://voidlinux.mirror.garr.it/current 28734809 8688002
firefox-148.0_1 update x86_64 https://voidlinux.mirror.garr.it/current 284182721 88856480
kf6-kdeclarative-6.23.0_1 update x86_64 https://voidlinux.mirror.garr.it/current 850533 209342
kf6-prison-6.23.0_1 update x86_64 https://voidlinux.mirror.garr.it/current 271282 85651
kf6-purpose-6.23.0_1 update x86_64 https://voidlinux.mirror.garr.it/current 2130099 467466
libXpresent-1.0.2_1 update x86_64 https://voidlinux.mirror.garr.it/current 16576 6996
libgcrypt-1.12.1_1 update x86_64 https://voidlinux.mirror.garr.it/current 1832368 691769
linux-firmware-amd-20260221_1 update x86_64 https://voidlinux.mirror.garr.it/current 95227927 19463001
linux-firmware-broadcom-20260221_1 update x86_64 https://voidlinux.mirror.garr.it/current 18568072 7434576
linux-firmware-intel-20260221_1 update x86_64 https://voidlinux.mirror.garr.it/current 32407653 9709700
linux-firmware-network-20260221_1 update x86_64 https://voidlinux.mirror.garr.it/current 800728859 339574820
linux-firmware-nvidia-20260221_1 update x86_64 https://voidlinux.mirror.garr.it/current 159648110 110239300
lmdb-0.9.35_1 update x86_64 https://voidlinux.mirror.garr.it/current 473243 82574
libnftables-1.1.5_2 install x86_64 https://voidlinux.mirror.garr.it/current 1003064 378694
moby-29.2.1_1 update x86_64 https://voidlinux.mirror.garr.it/current 92705846 26250658
ngtcp2-1.21.0_1 update x86_64 https://voidlinux.mirror.garr.it/current 374008 167252
nss-3.121_1 update x86_64 https://voidlinux.mirror.garr.it/current 10021858 2802431
openvpn-2.7.0_1 update x86_64 https://voidlinux.mirror.garr.it/current 1527415 595753
yazi-26.1.22_2 update x86_64 https://voidlinux.mirror.garr.it/current 24455007 8903152
========================================

========================================
Update Session: 2026-03-04 01:43:27
Packages Updated: 8
----------------------------------------
libXScrnSaver-1.2.5_1 update x86_64 https://voidlinux.mirror.garr.it/current 14448 5203
libXScrnSaver-devel-1.2.5_1 update x86_64 https://voidlinux.mirror.garr.it/current 31557 11522
libXcomposite-0.4.7_1 update x86_64 https://voidlinux.mirror.garr.it/current 14336 4266
libXdamage-1.1.7_1 update x86_64 https://voidlinux.mirror.garr.it/current 15463 5424
libXext-1.3.7_1 update x86_64 https://voidlinux.mirror.garr.it/current 218188 54936
libXext-devel-1.3.7_1 update x86_64 https://voidlinux.mirror.garr.it/current 283695 58420
tzdata-2026a_1 update x86_64 https://voidlinux.mirror.garr.it/current 586441 157542
xdotool-4.20260303.1_1 update x86_64 https://voidlinux.mirror.garr.it/current 200036 69098
========================================

========================================
Update Session: 2026-03-04 10:15:55
Packages Updated: 5
----------------------------------------
dash-0.5.13.1_1 update x86_64 https://voidlinux.mirror.garr.it/current 205622 94230
freetype-2.14.2_1 update x86_64 https://voidlinux.mirror.garr.it/current 805636 400016
freetype-devel-2.14.2_1 update x86_64 https://voidlinux.mirror.garr.it/current 1983611 600509
fzf-0.70.0_1 update x86_64 https://voidlinux.mirror.garr.it/current 4946096 1835154
libcloudproviders-0.4.0_1 update x86_64 https://voidlinux.mirror.garr.it/current 111124 35458
========================================

========================================
Update Session: 2026-03-07 23:17:36
Packages Updated: 9
----------------------------------------
git-2.53.0_1 update x86_64 https://voidlinux.mirror.garr.it/current 47314178 9656030
go-1.26.1_1 update x86_64 https://voidlinux.mirror.garr.it/current 215446055 54779647
graphviz-libs-14.1.3_1 update x86_64 https://voidlinux.mirror.garr.it/current 1433400 519772
libavif-1.4.0_1 update x86_64 https://voidlinux.mirror.garr.it/current 933169 322235
libsoup3-3.6.6_1 update x86_64 https://voidlinux.mirror.garr.it/current 7874466 1661532
linux6.12-6.12.76_1 update x86_64 https://voidlinux.mirror.garr.it/current 170508374 164648435
runc-1.4.0_1 update x86_64 https://voidlinux.mirror.garr.it/current 11613739 4190495
wiremix-0.9.0_1 update x86_64 https://voidlinux.mirror.garr.it/current 2482912 1007535
yt-dlp-2026.03.03_1 update x86_64 https://voidlinux.mirror.garr.it/current 11056549 2311727
========================================

========================================
Update Session: 2026-03-08 00:37:30
Packages Updated: 0
0
----------------------------------------
No packages updated
========================================

========================================
Update Session: 2026-03-08 11:06:22
Packages Updated: 1
----------------------------------------
fd-10.4.0_1 update x86_64 https://voidlinux.mirror.garr.it/current 4023964 1491733
========================================

========================================
Update Session: 2026-03-10 10:08:08
Packages Updated: 3
----------------------------------------
docker-29.3.0_1 update x86_64 https://voidlinux.mirror.garr.it/current 0 556
docker-cli-29.3.0_1 update x86_64 https://voidlinux.mirror.garr.it/current 29378553 8902326
moby-29.3.0_1 update x86_64 https://voidlinux.mirror.garr.it/current 94292750 26696510
========================================

========================================
Update Session: 2026-03-11 10:46:08
Packages Updated: 8
----------------------------------------
dash-0.5.12_3 update x86_64 https://voidlinux.mirror.garr.it/current 199323 89022
fd-10.4.2_1 update x86_64 https://voidlinux.mirror.garr.it/current 4069028 1507778
linux-firmware-amd-20260309_1 update x86_64 https://voidlinux.mirror.garr.it/current 32360956 30789961
linux-firmware-broadcom-20260309_1 update x86_64 https://voidlinux.mirror.garr.it/current 12121037 12156565
linux-firmware-intel-20260309_1 update x86_64 https://voidlinux.mirror.garr.it/current 13914524 13604494
linux-firmware-network-20260309_1 update x86_64 https://voidlinux.mirror.garr.it/current 438353425 432575802
linux-firmware-nvidia-20260309_1 update x86_64 https://voidlinux.mirror.garr.it/current 111339881 110509964
runit-2.3.1_1 update x86_64 https://voidlinux.mirror.garr.it/current 1618152 414913
========================================

========================================
Update Session: 2026-03-12 15:16:01
Packages Updated: 4
----------------------------------------
alsa-ucm-conf-1.2.15.3_1 update x86_64 https://voidlinux.mirror.garr.it/current 642018 120664
firefox-148.0.2_1 update x86_64 https://voidlinux.mirror.garr.it/current 283984365 88817294
libpyside6-6.10.2_2 update x86_64 https://voidlinux.mirror.garr.it/current 428808 166469
libshiboken6-6.10.2_2 update x86_64 https://voidlinux.mirror.garr.it/current 548648 277303
========================================

========================================
Update Session: 2026-03-12 19:18:09
Packages Updated: 0
0
----------------------------------------
No packages updated
========================================

========================================
Update Session: 2026-03-12 19:18:10
Packages Updated: 0
0
----------------------------------------
No packages updated
========================================

========================================
Update Session: 2026-03-13 09:58:36
Packages Updated: 8
----------------------------------------
iproute2-6.19.0_1 update x86_64 https://voidlinux.mirror.garr.it/current 4702084 1219283
iw-6.17_1 update x86_64 https://voidlinux.mirror.garr.it/current 325492 128143
kubernetes-helm-4.1.1_1 update x86_64 https://voidlinux.mirror.garr.it/current 81169199 21632111
libXfixes-6.0.2_1 update x86_64 https://voidlinux.mirror.garr.it/current 30648 8794
libarchive-3.8.6_1 update x86_64 https://voidlinux.mirror.garr.it/current 813136 376967
libdecor-0.2.5_1 update x86_64 https://voidlinux.mirror.garr.it/current 172628 48540
man-pages-6.17_1 update x86_64 https://voidlinux.mirror.garr.it/current 3072711 785404
tpm2-tss-4.1.3_1 update x86_64 https://voidlinux.mirror.garr.it/current 2127989 529777
========================================

========================================
Update Session: 2026-03-13 09:58:59
Packages Updated: 0
0
----------------------------------------
No packages updated
========================================

========================================
Update Session: 2026-03-14 18:12:20
Packages Updated: 6
----------------------------------------
curl-8.19.0_1 update x86_64 https://voidlinux.mirror.garr.it/current 657891 267056
fuse-sshfs-3.7.5_2 update x86_64 https://voidlinux.mirror.garr.it/current 99922 43316
fuse3-3.18.1_1 update x86_64 https://voidlinux.mirror.garr.it/current 423470 113946
gvfs-1.56.1_3 update x86_64 https://voidlinux.mirror.garr.it/current 5480962 1156831
libXcomposite-0.4.7_2 update x86_64 https://voidlinux.mirror.garr.it/current 14336 4270
libcurl-8.19.0_1 update x86_64 https://voidlinux.mirror.garr.it/current 981224 439601
========================================

========================================
Update Session: 2026-03-14 18:12:20
Packages Updated: 6
----------------------------------------
curl-8.19.0_1 update x86_64 https://voidlinux.mirror.garr.it/current 657891 267056
fuse-sshfs-3.7.5_2 update x86_64 https://voidlinux.mirror.garr.it/current 99922 43316
fuse3-3.18.1_1 update x86_64 https://voidlinux.mirror.garr.it/current 423470 113946
gvfs-1.56.1_3 update x86_64 https://voidlinux.mirror.garr.it/current 5480962 1156831
libXcomposite-0.4.7_2 update x86_64 https://voidlinux.mirror.garr.it/current 14336 4270
libcurl-8.19.0_1 update x86_64 https://voidlinux.mirror.garr.it/current 981224 439601
========================================

========================================
Update Session: 2026-03-16 09:38:28
Packages Updated: 18
----------------------------------------
7zip-26.00_1 update x86_64 https://voidlinux.mirror.garr.it/current 2802429 1229664
composer8.4-2.8.4_2 update x86_64 https://voidlinux.mirror.garr.it/current 3064196 641289
dhcpcd-10.3.0_1 update x86_64 https://voidlinux.mirror.garr.it/current 475495 204393
elfutils-devel-0.194_1 update x86_64 https://voidlinux.mirror.garr.it/current 2445849 480464
iwd-3.12_1 update x86_64 https://voidlinux.mirror.garr.it/current 3218236 889846
libcryptsetup-2.8.4_1 update x86_64 https://voidlinux.mirror.garr.it/current 619224 277101
libdebuginfod-0.194_1 update x86_64 https://voidlinux.mirror.garr.it/current 49069 20231
libelf-0.194_1 update x86_64 https://voidlinux.mirror.garr.it/current 859728 326737
libinput-1.31.0_1 update x86_64 https://voidlinux.mirror.garr.it/current 1126545 333754
libkeyutils-1.6.3_3 update x86_64 https://voidlinux.mirror.garr.it/current 22600 7508
libnotify-0.8.6_2 update x86_64 https://voidlinux.mirror.garr.it/current 87578 29323
libpcap-1.10.6_1 update x86_64 https://voidlinux.mirror.garr.it/current 356649 151450
libplacebo-7.360.1_1 update x86_64 https://voidlinux.mirror.garr.it/current 1142976 446141
linux6.12-6.12.77_1 update x86_64 https://voidlinux.mirror.garr.it/current 170519144 164647632
mpv-0.41.0_2 update x86_64 https://voidlinux.mirror.garr.it/current 6867719 1636774
nsxiv-34_1 update x86_64 https://voidlinux.mirror.garr.it/current 118202 54924
python3-yt-dlp-ejs-0.7.0_1 update x86_64 https://voidlinux.mirror.garr.it/current 165308 54466
yt-dlp-2026.03.13_1 update x86_64 https://voidlinux.mirror.garr.it/current 11045021 2310003
========================================

========================================
Update Session: 2026-03-17 11:37:37
Packages Updated: 32
----------------------------------------
docker-compose-5.1.0_1 update x86_64 https://voidlinux.mirror.garr.it/current 28875136 9302213
feh-3.11.3_1 update x86_64 https://voidlinux.mirror.garr.it/current 493345 206084
ffmpeg-4.4.6_4 update x86_64 https://voidlinux.mirror.garr.it/current 0 704
ffmpeg6-6.1.4_1 update x86_64 https://voidlinux.mirror.garr.it/current 5963798 615506
ffplay6-6.1.4_1 update x86_64 https://voidlinux.mirror.garr.it/current 1743427 377635
gst-plugins-good1-1.26.5_4 update x86_64 https://voidlinux.mirror.garr.it/current 7785030 2659368
less-691_1 update x86_64 https://voidlinux.mirror.garr.it/current 427441 161795
libavcodec-4.4.6_4 update x86_64 https://voidlinux.mirror.garr.it/current 14888496 6181424
libavcodec6-6.1.4_1 update x86_64 https://voidlinux.mirror.garr.it/current 16354408 6436074
libavdevice6-6.1.4_1 update x86_64 https://voidlinux.mirror.garr.it/current 149656 60403
libavfilter6-6.1.4_1 update x86_64 https://voidlinux.mirror.garr.it/current 5200320 1899166
libavformat-4.4.6_4 update x86_64 https://voidlinux.mirror.garr.it/current 2572544 1133751
libavformat6-6.1.4_1 update x86_64 https://voidlinux.mirror.garr.it/current 2635936 1176104
libavif-1.4.0_2 update x86_64 https://voidlinux.mirror.garr.it/current 933169 322266
libavutil-4.4.6_4 update x86_64 https://voidlinux.mirror.garr.it/current 703456 313537
libavutil6-6.1.4_1 update x86_64 https://voidlinux.mirror.garr.it/current 1149040 421772
libicu78-78.2_2 update x86_64 https://voidlinux.mirror.garr.it/current 39576092 13259112
libicu78-devel-78.2_2 update x86_64 https://voidlinux.mirror.garr.it/current 17946952 3683819
liblzma-5.8.2_1 update x86_64 https://voidlinux.mirror.garr.it/current 198992 104318
liblzma-devel-5.8.2_1 update x86_64 https://voidlinux.mirror.garr.it/current 599062 166323
libpostproc-4.4.6_4 update x86_64 https://voidlinux.mirror.garr.it/current 153752 53559
libpostproc6-6.1.4_1 update x86_64 https://voidlinux.mirror.garr.it/current 80024 37191
libsvt-av1-4.0.1_1 update x86_64 https://voidlinux.mirror.garr.it/current 5234029 2152337
libswresample-4.4.6_4 update x86_64 https://voidlinux.mirror.garr.it/current 129096 51807
libswresample6-6.1.4_1 update x86_64 https://voidlinux.mirror.garr.it/current 129096 53553
libswscale-4.4.6_4 update x86_64 https://voidlinux.mirror.garr.it/current 583752 181391
libswscale6-6.1.4_1 update x86_64 https://voidlinux.mirror.garr.it/current 600136 190493
libvpx-1.16.0_1 update x86_64 https://voidlinux.mirror.garr.it/current 2358929 1034260
pv-1.10.4_1 update x86_64 https://voidlinux.mirror.garr.it/current 341835 124477
runit-void-20250212_3 update x86_64 https://voidlinux.mirror.garr.it/current 101126 32813
scrot-2.0.0_1 update x86_64 https://voidlinux.mirror.garr.it/current 142160 81759
xz-5.8.2_1 update x86_64 https://voidlinux.mirror.garr.it/current 1921379 444378
========================================

========================================
Update Session: 2026-03-18 10:56:36
Packages Updated: 13
----------------------------------------
libbpf-1.7.0_1 update x86_64 https://voidlinux.mirror.garr.it/current 446330 205285
libcamera-0.7.0_1 update x86_64 https://voidlinux.mirror.garr.it/current 2780397 941134
liblc3-1.1.3_1 update x86_64 https://voidlinux.mirror.garr.it/current 161856 101931
libpipewire-1.6.2_1 update x86_64 https://voidlinux.mirror.garr.it/current 4932400 1161857
libspa-alsa-1.6.2_1 update x86_64 https://voidlinux.mirror.garr.it/current 1011848 356959
libspa-audioconvert-1.6.2_1 update x86_64 https://voidlinux.mirror.garr.it/current 986336 514501
libspa-audiomixer-1.6.2_1 update x86_64 https://voidlinux.mirror.garr.it/current 97168 42877
libspa-bluetooth-1.6.2_1 update x86_64 https://voidlinux.mirror.garr.it/current 1565304 498486
libspa-control-1.6.2_1 update x86_64 https://voidlinux.mirror.garr.it/current 76000 35859
libspa-v4l2-1.6.2_1 update x86_64 https://voidlinux.mirror.garr.it/current 129552 63056
libspa-videoconvert-1.6.2_1 update x86_64 https://voidlinux.mirror.garr.it/current 194824 73718
pipewire-1.6.2_1 update x86_64 https://voidlinux.mirror.garr.it/current 4878710 1334851
wireplumber-0.5.13_1 update x86_64 https://voidlinux.mirror.garr.it/current 1759972 480101
========================================

========================================
Update Session: 2026-03-18 10:56:37
Packages Updated: 13
----------------------------------------
libbpf-1.7.0_1 update x86_64 https://voidlinux.mirror.garr.it/current 446330 205285
libcamera-0.7.0_1 update x86_64 https://voidlinux.mirror.garr.it/current 2780397 941134
liblc3-1.1.3_1 update x86_64 https://voidlinux.mirror.garr.it/current 161856 101931
libpipewire-1.6.2_1 update x86_64 https://voidlinux.mirror.garr.it/current 4932400 1161857
libspa-alsa-1.6.2_1 update x86_64 https://voidlinux.mirror.garr.it/current 1011848 356959
libspa-audioconvert-1.6.2_1 update x86_64 https://voidlinux.mirror.garr.it/current 986336 514501
libspa-audiomixer-1.6.2_1 update x86_64 https://voidlinux.mirror.garr.it/current 97168 42877
libspa-bluetooth-1.6.2_1 update x86_64 https://voidlinux.mirror.garr.it/current 1565304 498486
libspa-control-1.6.2_1 update x86_64 https://voidlinux.mirror.garr.it/current 76000 35859
libspa-v4l2-1.6.2_1 update x86_64 https://voidlinux.mirror.garr.it/current 129552 63056
libspa-videoconvert-1.6.2_1 update x86_64 https://voidlinux.mirror.garr.it/current 194824 73718
pipewire-1.6.2_1 update x86_64 https://voidlinux.mirror.garr.it/current 4878710 1334851
wireplumber-0.5.13_1 update x86_64 https://voidlinux.mirror.garr.it/current 1759972 480101
========================================

========================================
Update Session: 2026-03-19 10:51:44
Packages Updated: 6
----------------------------------------
chromium-146.0.7680.80_1 update x86_64 https://voidlinux.mirror.garr.it/current 381145526 136295504
expat-2.7.5_1 update x86_64 https://voidlinux.mirror.garr.it/current 182344 73493
expat-devel-2.7.5_1 update x86_64 https://voidlinux.mirror.garr.it/current 364650 104689
kf6-kitemmodels-6.23.0_1 install x86_64 https://voidlinux.mirror.garr.it/current 529907 165102
kf6-purpose-6.23.0_2 update x86_64 https://voidlinux.mirror.garr.it/current 2130099 467442
wiremix-0.10.0_1 update x86_64 https://voidlinux.mirror.garr.it/current 3955232 1464135
========================================

========================================
Update Session: 2026-03-19 10:52:21
Packages Updated: 0
0
----------------------------------------
No packages updated
========================================

========================================
Update Session: 2026-03-23 12:48:24
Packages Updated: 9
----------------------------------------
atuin-18.13.3_1 update x86_64 https://voidlinux.mirror.garr.it/current 24606066 7624430
kitty-0.46.2_1 update x86_64 https://voidlinux.mirror.garr.it/current 30954122 10530724
kitty-kitten-0.46.2_1 update x86_64 https://voidlinux.mirror.garr.it/current 24776520 8337185
kitty-shell-integration-0.46.2_1 update x86_64 https://voidlinux.mirror.garr.it/current 87386 25583
kitty-terminfo-0.46.2_1 update x86_64 https://voidlinux.mirror.garr.it/current 3721 2747
libadwaita-1.8.1_2 update x86_64 https://voidlinux.mirror.garr.it/current 2847807 669209
python3-Brotli-1.2.0_1 update x86_64 https://voidlinux.mirror.garr.it/current 42584 15931
python3-yt-dlp-ejs-0.8.0_1 update x86_64 https://voidlinux.mirror.garr.it/current 165368 54465
yt-dlp-2026.03.17_1 update x86_64 https://voidlinux.mirror.garr.it/current 11045525 2310077
========================================

========================================
Update Session: 2026-03-23 14:26:28
Packages Updated: 3
----------------------------------------
libavif-1.4.1_1 update x86_64 https://voidlinux.mirror.garr.it/current 933169 322526
pv-1.10.5_1 update x86_64 https://voidlinux.mirror.garr.it/current 342194 124549
python3-pipx-1.10.0_1 update x86_64 https://voidlinux.mirror.garr.it/current 265251 64836
========================================

========================================
Update Session: 2026-03-24 14:34:19
Packages Updated: 7
----------------------------------------
less-692_1 update x86_64 https://voidlinux.mirror.garr.it/current 432099 163043
libavif-1.4.1_1 update x86_64 https://voidlinux.mirror.garr.it/current 933169 322526
libdvdcss-1.5.0_1 update x86_64 https://voidlinux.mirror.garr.it/current 43872 23184
libdvdread-7.0.1_1 update x86_64 https://voidlinux.mirror.garr.it/current 124920 54492
pv-1.10.5_1 update x86_64 https://voidlinux.mirror.garr.it/current 342194 124549
python3-pipx-1.10.0_1 update x86_64 https://voidlinux.mirror.garr.it/current 265251 64836
wl-clipboard-2.3.0_1 update x86_64 https://voidlinux.mirror.garr.it/current 138740 37735
========================================

========================================
Update Session: 2026-03-24 14:34:30
Packages Updated: 7
----------------------------------------
less-692_1 update x86_64 https://voidlinux.mirror.garr.it/current 432099 163043
libavif-1.4.1_1 update x86_64 https://voidlinux.mirror.garr.it/current 933169 322526
libdvdcss-1.5.0_1 update x86_64 https://voidlinux.mirror.garr.it/current 43872 23184
libdvdread-7.0.1_1 update x86_64 https://voidlinux.mirror.garr.it/current 124920 54492
pv-1.10.5_1 update x86_64 https://voidlinux.mirror.garr.it/current 342194 124549
python3-pipx-1.10.0_1 update x86_64 https://voidlinux.mirror.garr.it/current 265251 64836
wl-clipboard-2.3.0_1 update x86_64 https://voidlinux.mirror.garr.it/current 138740 37735
========================================

========================================
Update Session: 2026-03-25 10:42:57
Packages Updated: 32
----------------------------------------
kf6-karchive-6.24.0_1 update x86_64 https://voidlinux.mirror.garr.it/current 791228 199201
kf6-kbookmarks-6.24.0_1 update x86_64 https://voidlinux.mirror.garr.it/current 503055 126844
kf6-kcmutils-6.24.0_1 update x86_64 https://voidlinux.mirror.garr.it/current 1289633 337086
kf6-kcodecs-6.24.0_1 update x86_64 https://voidlinux.mirror.garr.it/current 647078 157105
kf6-kcolorscheme-6.24.0_1 update x86_64 https://voidlinux.mirror.garr.it/current 123511 46737
kf6-kcompletion-6.24.0_1 update x86_64 https://voidlinux.mirror.garr.it/current 342845 119931
kf6-kconfig-6.24.0_1 update x86_64 https://voidlinux.mirror.garr.it/current 2188978 544232
kf6-kconfigwidgets-6.24.0_1 update x86_64 https://voidlinux.mirror.garr.it/current 1346037 378115
kf6-kcoreaddons-6.24.0_1 update x86_64 https://voidlinux.mirror.garr.it/current 2866548 769312
kf6-kcrash-6.24.0_1 update x86_64 https://voidlinux.mirror.garr.it/current 55862 24146
kf6-kdbusaddons-6.24.0_1 update x86_64 https://voidlinux.mirror.garr.it/current 226766 72388
kf6-kdeclarative-6.24.0_1 update x86_64 https://voidlinux.mirror.garr.it/current 852640 210167
kf6-kdoctools-6.24.0_1 update x86_64 https://voidlinux.mirror.garr.it/current 2585744 477805
kf6-kglobalaccel-6.24.0_1 update x86_64 https://voidlinux.mirror.garr.it/current 291210 97994
kf6-kguiaddons-6.24.0_1 update x86_64 https://voidlinux.mirror.garr.it/current 762483 232028
kf6-kguiaddons-geo-uri-handler-6.24.0_1 update x86_64 https://voidlinux.mirror.garr.it/current 26974 8588
kf6-ki18n-6.24.0_1 update x86_64 https://voidlinux.mirror.garr.it/current 18491868 3274372
kf6-kiconthemes-6.24.0_1 update x86_64 https://voidlinux.mirror.garr.it/current 558972 175773
kf6-kio-6.24.0_1 update x86_64 https://voidlinux.mirror.garr.it/current 19057474 4009294
kf6-kitemmodels-6.24.0_1 update x86_64 https://voidlinux.mirror.garr.it/current 529907 165096
kf6-kitemviews-6.24.0_1 update x86_64 https://voidlinux.mirror.garr.it/current 336757 121584
kf6-kjobwidgets-6.24.0_1 update x86_64 https://voidlinux.mirror.garr.it/current 773789 203998
kf6-knotifications-6.24.0_1 update x86_64 https://voidlinux.mirror.garr.it/current 526199 172659
kf6-kservice-6.24.0_1 update x86_64 https://voidlinux.mirror.garr.it/current 727585 247080
kf6-kwallet-6.24.0_1 update x86_64 https://voidlinux.mirror.garr.it/current 2931220 687860
kf6-kwidgetsaddons-6.24.0_1 update x86_64 https://voidlinux.mirror.garr.it/current 7416355 2328345
kf6-kwindowsystem-6.24.0_1 update x86_64 https://voidlinux.mirror.garr.it/current 791585 254789
kf6-kxmlgui-6.24.0_1 update x86_64 https://voidlinux.mirror.garr.it/current 3798545 913775
kf6-prison-6.24.0_1 update x86_64 https://voidlinux.mirror.garr.it/current 271282 85657
kf6-purpose-6.24.0_1 update x86_64 https://voidlinux.mirror.garr.it/current 2130544 467737
kf6-solid-6.24.0_1 update x86_64 https://voidlinux.mirror.garr.it/current 2176935 497022
libbreeze-icons-6.24.0_1 update x86_64 https://voidlinux.mirror.garr.it/current 26130536 3213915
========================================

========================================
Update Session: 2026-03-26 01:01:54
Packages Updated: 3
----------------------------------------
ada-3.4.4_1 update x86_64 https://voidlinux.mirror.garr.it/current 630165 235634
bubblewrap-0.11.1_1 update x86_64 https://voidlinux.mirror.garr.it/current 105118 41255
php8.4-8.4.7_2 update x86_64 https://voidlinux.mirror.garr.it/current 25953013 5464068
========================================

========================================
Update Session: 2026-03-27 00:38:14
Packages Updated: 6
----------------------------------------
docker-29.3.1_1 update x86_64 https://voidlinux.mirror.garr.it/current 0 556
docker-cli-29.3.1_1 update x86_64 https://voidlinux.mirror.garr.it/current 29378553 8902669
firefox-149.0_1 update x86_64 https://voidlinux.mirror.garr.it/current 286478592 89436391
libpng-1.6.56_1 update x86_64 https://voidlinux.mirror.garr.it/current 230993 116777
libpng-devel-1.6.56_1 update x86_64 https://voidlinux.mirror.garr.it/current 798804 229942
moby-29.3.1_1 update x86_64 https://voidlinux.mirror.garr.it/current 94321422 26707975
========================================

========================================
Update Session: 2026-03-27 11:10:21
Packages Updated: 3
----------------------------------------
dunst-1.13.2_1 update x86_64 https://voidlinux.mirror.garr.it/current 400288 136070
freetype-2.14.3_1 update x86_64 https://voidlinux.mirror.garr.it/current 805636 400269
freetype-devel-2.14.3_1 update x86_64 https://voidlinux.mirror.garr.it/current 1983840 600635
========================================

========================================
Update Session: 2026-03-27 11:47:35
Packages Updated: 0
0
----------------------------------------
No packages updated
========================================

========================================
Update Session: 2026-03-28 22:56:38
Packages Updated: 10
----------------------------------------
bluez-5.86_1 update x86_64 https://voidlinux.mirror.garr.it/current 4946598 1484900
ccache-4.13.2_1 update x86_64 https://voidlinux.mirror.garr.it/current 1981897 797258
graphviz-libs-14.1.4_1 update x86_64 https://voidlinux.mirror.garr.it/current 1433400 520824
gst-plugins-bad1-1.28.1_1 update x86_64 https://voidlinux.mirror.garr.it/current 13364861 4328285
gst-plugins-base1-1.28.1_1 update x86_64 https://voidlinux.mirror.garr.it/current 7853478 2574253
gst-plugins-good1-1.28.1_1 update x86_64 https://voidlinux.mirror.garr.it/current 7888232 2704640
gstreamer1-1.28.1_1 update x86_64 https://voidlinux.mirror.garr.it/current 5219050 1636576
libbluetooth-5.86_1 update x86_64 https://voidlinux.mirror.garr.it/current 194632 80559
nghttp2-1.68.1_1 update x86_64 https://voidlinux.mirror.garr.it/current 2615231 849434
wireplumber-0.5.14_1 update x86_64 https://voidlinux.mirror.garr.it/current 1791741 486776
========================================

========================================
Update Session: 2026-03-29 11:11:30
Packages Updated: 1
----------------------------------------
neovim-0.11.7_1 update x86_64 https://voidlinux.mirror.garr.it/current 32798879 8421077
========================================

========================================
Update Session: 2026-03-29 20:45:58
Packages Updated: 3
----------------------------------------
alsa-lib-1.2.15.1_2 update x86_64 https://voidlinux.mirror.garr.it/current 1505966 549020
alsa-firmware-1.2.4_1 install x86_64 https://voidlinux.mirror.garr.it/current 14800650 4807436
linux-base-2026.03.23_1 update x86_64 https://voidlinux.mirror.garr.it/current 1279 1408
========================================

========================================
Update Session: 2026-03-30 14:23:55
Packages Updated: 6
----------------------------------------
bluez-5.86_2 update x86_64 https://voidlinux.mirror.garr.it/current 4950750 1486489
libbluetooth-5.86_2 update x86_64 https://voidlinux.mirror.garr.it/current 194632 80564
libsrtp-2.8.0_1 update x86_64 https://voidlinux.mirror.garr.it/current 94014 42011
ngtcp2-1.22.0_1 update x86_64 https://voidlinux.mirror.garr.it/current 374008 167912
procps-ng-4.0.6_1 update x86_64 https://voidlinux.mirror.garr.it/current 3851379 887233
runc-1.4.1_1 update x86_64 https://voidlinux.mirror.garr.it/current 10842899 3881591
========================================

========================================
Update Session: 2026-03-31 10:33:49
Packages Updated: 6
----------------------------------------
SDL3-3.4.2_1 update x86_64 https://voidlinux.mirror.garr.it/current 3209192 1235715
font-alias-1.0.6_1 update x86_64 https://voidlinux.mirror.garr.it/current 16078 3081
linux6.12-6.12.79_1 update x86_64 https://voidlinux.mirror.garr.it/current 170555460 164670597
neovim-0.12.0_1 update x86_64 https://voidlinux.mirror.garr.it/current 34339922 8788988
nodejs-24.14.1_1 update x86_64 https://voidlinux.mirror.garr.it/current 65367113 18183049
perl-5.42.2_1 update x86_64 https://voidlinux.mirror.garr.it/current 75706996 15795092
========================================

========================================
Update Session: 2026-04-01 01:04:07
Packages Updated: 12
----------------------------------------
libblkid-2.41.3_1 update x86_64 https://voidlinux.mirror.garr.it/current 392232 175963
libblkid-devel-2.41.3_1 update x86_64 https://voidlinux.mirror.garr.it/current 953579 223890
libfdisk-2.41.3_1 update x86_64 https://voidlinux.mirror.garr.it/current 522496 229597
liblastlog2-2.41.3_1 update x86_64 https://voidlinux.mirror.garr.it/current 18512 7061
libmount-2.41.3_1 update x86_64 https://voidlinux.mirror.garr.it/current 482080 217008
libmount-devel-2.41.3_1 update x86_64 https://voidlinux.mirror.garr.it/current 1110993 266752
libsmartcols-2.41.3_1 update x86_64 https://voidlinux.mirror.garr.it/current 309480 144463
libuuid-2.41.3_1 update x86_64 https://voidlinux.mirror.garr.it/current 41335 18215
libuuid-devel-2.41.3_1 update x86_64 https://voidlinux.mirror.garr.it/current 74786 24477
python3-Pygments-2.20.0_1 update x86_64 https://voidlinux.mirror.garr.it/current 4521149 973802
util-linux-2.41.3_1 update x86_64 https://voidlinux.mirror.garr.it/current 8967803 1681339
util-linux-common-2.41.3_1 update x86_64 https://voidlinux.mirror.garr.it/current 11395137 2095094
========================================

========================================
Update Session: 2026-04-02 13:15:49
Packages Updated: 11
----------------------------------------
gi-docgen-2026.1_1 update x86_64 https://voidlinux.mirror.garr.it/current 1797555 1162393
glib-2.88.0_1 update x86_64 https://voidlinux.mirror.garr.it/current 15322948 3507570
glibmm2.68-2.88.0_1 update x86_64 https://voidlinux.mirror.garr.it/current 3026584 770250
glslang-16.2.0_1 update x86_64 https://voidlinux.mirror.garr.it/current 8952843 2881744
gtk4-4.22.2_1 update x86_64 https://voidlinux.mirror.garr.it/current 29258181 7843732
libglib-devel-2.88.0_1 update x86_64 https://voidlinux.mirror.garr.it/current 23910467 3273098
luarocks-3.11.1_1 update x86_64 https://voidlinux.mirror.garr.it/current 0 610
luarocks-lua53-3.11.1_1 update x86_64 https://voidlinux.mirror.garr.it/current 751173 162178
python3-gobject-3.56.2_1 update x86_64 https://voidlinux.mirror.garr.it/current 687520 200290
shaderc-2026.1_1 update x86_64 https://voidlinux.mirror.garr.it/current 5428874 1665593
vulkan-loader-1.4.341.0_1 update x86_64 https://voidlinux.mirror.garr.it/current 559035 166274
========================================

========================================
Update Session: 2026-04-02 18:08:29
Packages Updated: 3
----------------------------------------
liblzma-5.8.3_1 update x86_64 https://voidlinux.mirror.garr.it/current 198992 104324
liblzma-devel-5.8.3_1 update x86_64 https://voidlinux.mirror.garr.it/current 599076 166340
xz-5.8.3_1 update x86_64 https://voidlinux.mirror.garr.it/current 2045868 470599
========================================

========================================
Update Session: 2026-04-02 18:08:30
Packages Updated: 3
----------------------------------------
liblzma-5.8.3_1 update x86_64 https://voidlinux.mirror.garr.it/current 198992 104324
liblzma-devel-5.8.3_1 update x86_64 https://voidlinux.mirror.garr.it/current 599076 166340
xz-5.8.3_1 update x86_64 https://voidlinux.mirror.garr.it/current 2045868 470599
========================================

========================================
Update Session: 2026-04-03 10:42:12
Packages Updated: 2
----------------------------------------
gtk+3-3.24.52_1 update x86_64 https://voidlinux.mirror.garr.it/current 41618005 9924486
gtk-update-icon-cache-3.24.52_1 update x86_64 https://voidlinux.mirror.garr.it/current 42499 16322
========================================

========================================
Update Session: 2026-04-06 12:43:36
Packages Updated: 4
----------------------------------------
libnautilus-50.0_1 update x86_64 https://voidlinux.mirror.garr.it/current 43088 14160
libtinysparql-3.11.0_1 update x86_64 https://voidlinux.mirror.garr.it/current 955624 349101
linux6.12-6.12.80_1 update x86_64 https://voidlinux.mirror.garr.it/current 170539334 164650786
nss-3.121_2 update x86_64 https://voidlinux.mirror.garr.it/current 10021858 2802426
========================================

========================================
Update Session: 2026-04-07 10:55:53
Packages Updated: 6
----------------------------------------
SDL3-3.4.4_1 update x86_64 https://voidlinux.mirror.garr.it/current 3217384 1239952
dhcpcd-10.3.1_1 update x86_64 https://voidlinux.mirror.garr.it/current 475607 205039
falkon-25.12.3_1 update x86_64 https://voidlinux.mirror.garr.it/current 16772366 4017768
fzf-0.71.0_1 update x86_64 https://voidlinux.mirror.garr.it/current 5031397 1875130
neovim-0.12.1_1 update x86_64 https://voidlinux.mirror.garr.it/current 34350173 8793663
taglib-2.2.1_1 update x86_64 https://voidlinux.mirror.garr.it/current 1614192 502629
========================================

========================================
Update Session: 2026-04-13 09:52:25
Packages Updated: 31
----------------------------------------
ImageMagick-7.1.2.18_1 update x86_64 https://voidlinux.mirror.garr.it/current 420442 58210
alacritty-0.17.0_1 update x86_64 https://voidlinux.mirror.garr.it/current 8961240 2968271
alacritty-terminfo-0.17.0_1 update x86_64 https://voidlinux.mirror.garr.it/current 7254 3188
chromium-146.0.7680.177_1 update x86_64 https://voidlinux.mirror.garr.it/current 381210667 136304708
dbeaver-26.0.2_1 update x86_64 https://voidlinux.mirror.garr.it/current 98155060 85919043
docker-29.4.0_1 update x86_64 https://voidlinux.mirror.garr.it/current 0 554
docker-cli-29.4.0_1 update x86_64 https://voidlinux.mirror.garr.it/current 29554809 8940909
firefox-149.0.2_1 update x86_64 https://voidlinux.mirror.garr.it/current 286613315 89462098
gtk-layer-shell-0.10.1_1 update x86_64 https://voidlinux.mirror.garr.it/current 258179 66566
htop-3.5.0_1 update x86_64 https://voidlinux.mirror.garr.it/current 416413 176625
libXmu-1.3.1_1 update x86_64 https://voidlinux.mirror.garr.it/current 292335 74093
libinput-1.31.1_1 update x86_64 https://voidlinux.mirror.garr.it/current 1126545 333960
libjpeg-turbo-3.1.4.1_1 update x86_64 https://voidlinux.mirror.garr.it/current 1862447 377039
libjpeg-turbo-devel-3.1.4.1_1 update x86_64 https://voidlinux.mirror.garr.it/current 2447999 327905
libjpeg-turbo-tools-3.1.4.1_1 update x86_64 https://voidlinux.mirror.garr.it/current 329112 107051
libmagick-7.1.2.18_1 update x86_64 https://voidlinux.mirror.garr.it/current 9675165 2852476
libmagick-devel-7.1.2.18_1 update x86_64 https://voidlinux.mirror.garr.it/current 13215282 6371664
libpng-1.6.57_1 update x86_64 https://voidlinux.mirror.garr.it/current 230992 117042
libpng-devel-1.6.57_1 update x86_64 https://voidlinux.mirror.garr.it/current 799666 230237
libserd-0.32.8_1 update x86_64 https://voidlinux.mirror.garr.it/current 96248 43231
libsodium-1.0.22_1 update x86_64 https://voidlinux.mirror.garr.it/current 488351 227676
libvpl-2.16.0_1 update x86_64 https://voidlinux.mirror.garr.it/current 413194 155476
linux6.12-6.12.81_1 update x86_64 https://voidlinux.mirror.garr.it/current 170592532 164702108
luarocks-3.13.0_1 update x86_64 https://voidlinux.mirror.garr.it/current 0 611
luarocks-lua53-3.13.0_1 update x86_64 https://voidlinux.mirror.garr.it/current 676354 140591
moby-29.4.0_1 update x86_64 https://voidlinux.mirror.garr.it/current 93951598 26579979
openssh-10.3p1_1 update x86_64 https://voidlinux.mirror.garr.it/current 7303521 1318857
python3-3.14.4_1 update x86_64 https://voidlinux.mirror.garr.it/current 24409200 7819558
python3-pipx-1.11.1_1 update x86_64 https://voidlinux.mirror.garr.it/current 253248 60797
wayland-1.25.0_1 update x86_64 https://voidlinux.mirror.garr.it/current 216668 66951
xdg-dbus-proxy-0.1.7_1 update x86_64 https://voidlinux.mirror.garr.it/current 62969 26466
========================================

