Update Session Log
Timestamp: 2026-02-12 15:28:57
Packages Updated: 0
0
Size required on disk:          22MB
Size to download:             4920KB

Packages:
----------------------------------------
No packages updated

Full Update Output:
========================================
[*] Updating repository `https://voidlinux.mirror.garr.it/current/x86_64-repodata' ...
1 package will be downloaded:

  iso-codes-4.20.1_1 
1 package will be updated:

  iso-codes (4.18.0_1 -> 4.20.1_1) 

Size to download:             4920KB
Size required on disk:          22MB
Space available on disk:       255GB

Do you want to continue? [Y/n] 
[*] Downloading packages
iso-codes-4.20.1_1.x86_64.xbps.sig2: [512B 100%] 38MB/s ETA: 00m00s
iso-codes-4.20.1_1.x86_64.xbps.sig2: 512B [avg rate: 38MB/s]
iso-codes-4.20.1_1.x86_64.xbps: [4919KB 0%] 56MB/s ETA: 00m00s
iso-codes-4.20.1_1.x86_64.xbps: 4919KB [avg rate: 67GB/s]
iso-codes-4.20.1_1: verifying RSA signature...

[*] Collecting package files
iso-codes-4.20.1_1: collecting files...
iso-codes-4.18.0_1: collecting files...

[*] Unpacking packages
iso-codes-4.18.0_1: updating to 4.20.1_1 ...
iso-codes-4.20.1_1: unpacking ...

[*] Configuring unpacked packages
iso-codes-4.20.1_1: configuring ...
iso-codes-4.20.1_1: updated successfully.

1 downloaded, 0 installed, 1 updated, 1 configured, 0 removed, 0 on hold.
