========================================
Update Session: 2026-02-11 18:45:19
Packages Updated: 0
0
Size required on disk:          31MB
Size to download:               12MB
----------------------------------------
No packages updated
========================================

========================================
Update Session: 2026-02-12 10:12:12
Packages Updated: 0
0
Size required on disk:        1682KB
Size to download:              558KB
----------------------------------------
No packages updated
========================================

========================================
Update Session: 2026-02-12 15:28:57
Packages Updated: 0
0
Size required on disk:          22MB
Size to download:             4920KB
----------------------------------------
No packages updated
========================================

========================================
Update Session: 2026-02-13 10:44:37
Packages Updated: 4
Size required on disk:          24MB
Size to download:             9937KB
----------------------------------------
libgcrypt-1.12.0_1 update x86_64 https://voidlinux.mirror.garr.it/current 1832368 691994
libgpg-error-1.58_1 update x86_64 https://voidlinux.mirror.garr.it/current 967874 270539
libmagick-7.1.2.13_1 update x86_64 https://voidlinux.mirror.garr.it/current 9646493 2838982
libmagick-devel-7.1.2.13_1 update x86_64 https://voidlinux.mirror.garr.it/current 13214962 6371633
========================================

========================================
Update Session: 2026-02-13 14:51:37
Packages Updated: 1
Size required on disk:         163MB
Size to download:              157MB
----------------------------------------
linux6.12-6.12.70_1 update x86_64 https://voidlinux.mirror.garr.it/current 170467402 164597325
========================================

========================================
Update Session: 2026-02-14 22:06:01
Packages Updated: 2
Size required on disk:         193MB
Size to download:              168MB
----------------------------------------
libz3-4.15.8_1 update x86_64 https://voidlinux.mirror.garr.it/current 31438248 11960534
linux6.12-6.12.71_1 update x86_64 https://voidlinux.mirror.garr.it/current 170461503 164595774
========================================

========================================
Update Session: 2026-02-15 13:05:34
Packages Updated: 2
----------------------------------------
llhttp-9.3.1_1 update x86_64 https://voidlinux.mirror.garr.it/current 68681 24800
signon-kwallet-extension-25.12.2_1 update x86_64 https://voidlinux.mirror.garr.it/current 39520 14716
========================================

========================================
Update Session: 2026-02-15 13:05:34
Packages Updated: 2
----------------------------------------
llhttp-9.3.1_1 update x86_64 https://voidlinux.mirror.garr.it/current 68681 24800
signon-kwallet-extension-25.12.2_1 update x86_64 https://voidlinux.mirror.garr.it/current 39520 14716
========================================

========================================
Update Session: 2026-02-15 13:05:35
Packages Updated: 2
----------------------------------------
llhttp-9.3.1_1 update x86_64 https://voidlinux.mirror.garr.it/current 68681 24800
signon-kwallet-extension-25.12.2_1 update x86_64 https://voidlinux.mirror.garr.it/current 39520 14716
========================================

========================================
Update Session: 2026-02-15 13:34:32
Packages Updated: 2
Size required on disk:         106KB
Size to download:               40KB
----------------------------------------
llhttp-9.3.1_1 update x86_64 https://voidlinux.mirror.garr.it/current 68681 24800
signon-kwallet-extension-25.12.2_1 update x86_64 https://voidlinux.mirror.garr.it/current 39520 14716
========================================

